-------------------------------------------------------------------------------
Test set: TestSuite
-------------------------------------------------------------------------------
Tests run: 2, Failures: 1, Errors: 0, Skipped: 0, Time elapsed: 12.502 s <<< FAILURE! - in TestSuite
Runner.TestNGRunner.runScenario["Search Experience for the product search in both home and pffers page", "Search and Place the order"](1)  Time elapsed: 6.785 s  <<< FAILURE!
java.lang.AssertionError: expected [No data] but found [Beetroot]

